0 info it worked if it ends with ok
1 verbose cli [ 'C:\\Program Files\\nodejs\\node.exe',
1 verbose cli   'C:\\Program Files\\nodejs\\node_modules\\npm\\bin\\npm-cli.js',
1 verbose cli   'start' ]
2 info using npm@4.1.2
3 info using node@v7.6.0
4 verbose run-script [ 'prestart', 'start', 'poststart' ]
5 info lifecycle assigment3-with-es6-jwt@1.0.0~prestart: assigment3-with-es6-jwt@1.0.0
6 silly lifecycle assigment3-with-es6-jwt@1.0.0~prestart: no script for prestart, continuing
7 info lifecycle assigment3-with-es6-jwt@1.0.0~start: assigment3-with-es6-jwt@1.0.0
8 verbose lifecycle assigment3-with-es6-jwt@1.0.0~start: unsafe-perm in lifecycle true
9 verbose lifecycle assigment3-with-es6-jwt@1.0.0~start: PATH: C:\Program Files\nodejs\node_modules\npm\bin\node-gyp-bin;C:\Users\Hp-pc\Documents\Node Projects\assigment3-with-es6-jwt\node_modules\.bin;C:\jet11.3-eval-amd64\bin;C:\WINDOWS\system32;C:\WINDOWS;C:\WINDOWS\System32\Wbem;C:\WINDOWS\System32\WindowsPowerShell\v1.0\;C:\Program Files (x86)\ATI Technologies\ATI.ACE\Core-Static;C:\Program Files (x86)\Skype\Phone\;C:\Program Files\Git\cmd;C:\Program Files\Git\mingw64\bin;C:\Program Files\Git\usr\bin;C:\Program Files\nodejs\;C:\Program Files (x86)\GtkSharp\2.12\bin;C:\Program Files\Microsoft SQL Server\110\Tools\Binn\;;C:\Program Files (x86)\Microsoft VS Code\bin;C:\Users\Hp-pc\AppData\Roaming\npm;%USERPROFILE%\AppData\Local\Microsoft\WindowsApps
10 verbose lifecycle assigment3-with-es6-jwt@1.0.0~start: CWD: C:\Users\Hp-pc\Documents\Node Projects\assigment3-with-es6-jwt
11 silly lifecycle assigment3-with-es6-jwt@1.0.0~start: Args: [ '/d /s /c', 'node index.js' ]
12 silly lifecycle assigment3-with-es6-jwt@1.0.0~start: Returned: code: 3221225786  signal: null
13 info lifecycle assigment3-with-es6-jwt@1.0.0~start: Failed to exec start script
14 verbose stack Error: assigment3-with-es6-jwt@1.0.0 start: `node index.js`
14 verbose stack Exit status 3221225786
14 verbose stack     at EventEmitter.<anonymous> (C:\Program Files\nodejs\node_modules\npm\lib\utils\lifecycle.js:279:16)
14 verbose stack     at emitTwo (events.js:106:13)
14 verbose stack     at EventEmitter.emit (events.js:192:7)
14 verbose stack     at ChildProcess.<anonymous> (C:\Program Files\nodejs\node_modules\npm\lib\utils\spawn.js:40:14)
14 verbose stack     at emitTwo (events.js:106:13)
14 verbose stack     at ChildProcess.emit (events.js:192:7)
14 verbose stack     at maybeClose (internal/child_process.js:890:16)
14 verbose stack     at Process.ChildProcess._handle.onexit (internal/child_process.js:226:5)
15 verbose pkgid assigment3-with-es6-jwt@1.0.0
16 verbose cwd C:\Users\Hp-pc\Documents\Node Projects\assigment3-with-es6-jwt
17 error Windows_NT 10.0.14393
18 error argv "C:\\Program Files\\nodejs\\node.exe" "C:\\Program Files\\nodejs\\node_modules\\npm\\bin\\npm-cli.js" "start"
19 error node v7.6.0
20 error npm  v4.1.2
21 error code ELIFECYCLE
22 error assigment3-with-es6-jwt@1.0.0 start: `node index.js`
22 error Exit status 3221225786
23 error Failed at the assigment3-with-es6-jwt@1.0.0 start script 'node index.js'.
23 error Make sure you have the latest version of node.js and npm installed.
23 error If you do, this is most likely a problem with the assigment3-with-es6-jwt package,
23 error not with npm itself.
23 error Tell the author that this fails on your system:
23 error     node index.js
23 error You can get information on how to open an issue for this project with:
23 error     npm bugs assigment3-with-es6-jwt
23 error Or if that isn't available, you can get their info via:
23 error     npm owner ls assigment3-with-es6-jwt
23 error There is likely additional logging output above.
24 verbose exit [ 1, true ]
